

*******************************************************************************
Mon Dec  3 19:19:44 2012


FIT:    data read from 'likelihood_projection_for_mass6.dat' u 1:2:3
        #datapoints = 2
function used for fitting: f(x)
fitted parameters initialized with current variable values

BREAK:          Number of data points smaller than number of parameters



*******************************************************************************
Mon Dec  3 19:19:44 2012


FIT:    data read from 'likelihood_best_section_for_mass6.dat' u 1:2:3
        #datapoints = 2
function used for fitting: f(x)
fitted parameters initialized with current variable values

BREAK:          Number of data points smaller than number of parameters



*******************************************************************************
Mon Dec  3 20:26:27 2012


FIT:    data read from 'likelihood_projection_for_mass6.dat' u 1:2:3
        #datapoints = 2
function used for fitting: f(x)
fitted parameters initialized with current variable values

BREAK:          Number of data points smaller than number of parameters



*******************************************************************************
Mon Dec  3 20:26:27 2012


FIT:    data read from 'likelihood_best_section_for_mass6.dat' u 1:2:3
        #datapoints = 2
function used for fitting: f(x)
fitted parameters initialized with current variable values

BREAK:          Number of data points smaller than number of parameters



*******************************************************************************
Mon Apr 29 12:41:01 2013


FIT:    data read from 'likelihood_projection_for_mass6.dat' u 1:2:3
        #datapoints = 2
function used for fitting: f(x)
fitted parameters initialized with current variable values

BREAK:          Number of data points smaller than number of parameters



*******************************************************************************
Mon Apr 29 12:41:01 2013


FIT:    data read from 'likelihood_best_section_for_mass6.dat' u 1:2:3
        #datapoints = 2
function used for fitting: f(x)
fitted parameters initialized with current variable values

BREAK:          Number of data points smaller than number of parameters



*******************************************************************************
Mon Apr 29 15:26:28 2013


FIT:    data read from 'likelihood_projection_for_mass6.dat' u 1:2:3
        #datapoints = 2
function used for fitting: f(x)
fitted parameters initialized with current variable values

BREAK:          Number of data points smaller than number of parameters



*******************************************************************************
Mon Apr 29 15:26:28 2013


FIT:    data read from 'likelihood_best_section_for_mass6.dat' u 1:2:3
        #datapoints = 2
function used for fitting: f(x)
fitted parameters initialized with current variable values

BREAK:          Number of data points smaller than number of parameters



*******************************************************************************
Mon May 13 18:40:58 2013


FIT:    data read from 'likelihood_projection_for_mass6.dat' u 1:2:3
        #datapoints = 2
function used for fitting: f(x)
fitted parameters initialized with current variable values

BREAK:          Number of data points smaller than number of parameters



*******************************************************************************
Mon May 13 18:40:58 2013


FIT:    data read from 'likelihood_best_section_for_mass6.dat' u 1:2:3
        #datapoints = 2
function used for fitting: f(x)
fitted parameters initialized with current variable values

BREAK:          Number of data points smaller than number of parameters



*******************************************************************************
Mon May 13 20:25:36 2013


FIT:    data read from 'likelihood_projection_for_mass6.dat' u 1:2:3
        #datapoints = 2
function used for fitting: f(x)
fitted parameters initialized with current variable values

BREAK:          Number of data points smaller than number of parameters



*******************************************************************************
Mon May 13 20:25:36 2013


FIT:    data read from 'likelihood_best_section_for_mass6.dat' u 1:2:3
        #datapoints = 2
function used for fitting: f(x)
fitted parameters initialized with current variable values

BREAK:          Number of data points smaller than number of parameters



*******************************************************************************
Mon May 13 22:09:52 2013


FIT:    data read from 'likelihood_projection_for_mass6.dat' u 1:2:3
        #datapoints = 2
function used for fitting: f(x)
fitted parameters initialized with current variable values

BREAK:          Number of data points smaller than number of parameters



*******************************************************************************
Mon May 13 22:09:52 2013


FIT:    data read from 'likelihood_best_section_for_mass6.dat' u 1:2:3
        #datapoints = 2
function used for fitting: f(x)
fitted parameters initialized with current variable values

BREAK:          Number of data points smaller than number of parameters



*******************************************************************************
Fri May 24 21:02:40 2013


FIT:    data read from 'likelihood_projection_for_mass6.dat' u 1:2:3
        #datapoints = 2
function used for fitting: f(x)
fitted parameters initialized with current variable values

BREAK:          Number of data points smaller than number of parameters



*******************************************************************************
Fri May 24 21:02:41 2013


FIT:    data read from 'likelihood_best_section_for_mass6.dat' u 1:2:3
        #datapoints = 2
function used for fitting: f(x)
fitted parameters initialized with current variable values

BREAK:          Number of data points smaller than number of parameters



*******************************************************************************
Fri May 24 21:04:06 2013


FIT:    data read from 'likelihood_projection_for_mass6.dat' u 1:2:3
        #datapoints = 2
function used for fitting: f(x)
fitted parameters initialized with current variable values

BREAK:          Number of data points smaller than number of parameters



*******************************************************************************
Fri May 24 21:04:06 2013


FIT:    data read from 'likelihood_best_section_for_mass6.dat' u 1:2:3
        #datapoints = 2
function used for fitting: f(x)
fitted parameters initialized with current variable values

BREAK:          Number of data points smaller than number of parameters



*******************************************************************************
Thu Aug 22 10:43:02 2013


FIT:    data read from 'likelihood_projection_for_mass6.dat' u 1:2:3
        #datapoints = 2
function used for fitting: f(x)
fitted parameters initialized with current variable values

BREAK:          Number of data points smaller than number of parameters



*******************************************************************************
Thu Aug 22 10:43:02 2013


FIT:    data read from 'likelihood_best_section_for_mass6.dat' u 1:2:3
        #datapoints = 2
function used for fitting: f(x)
fitted parameters initialized with current variable values

BREAK:          Number of data points smaller than number of parameters



*******************************************************************************
Thu Aug 22 10:43:26 2013


FIT:    data read from 'likelihood_projection_for_mass6.dat' u 1:2:3
        #datapoints = 2
function used for fitting: f(x)
fitted parameters initialized with current variable values

BREAK:          Number of data points smaller than number of parameters



*******************************************************************************
Thu Aug 22 10:43:26 2013


FIT:    data read from 'likelihood_best_section_for_mass6.dat' u 1:2:3
        #datapoints = 2
function used for fitting: f(x)
fitted parameters initialized with current variable values

BREAK:          Number of data points smaller than number of parameters



*******************************************************************************
Thu Aug 22 14:46:09 2013


FIT:    data read from 'likelihood_projection_for_mass6.dat' u 1:2:3
        #datapoints = 2
function used for fitting: f(x)
fitted parameters initialized with current variable values

BREAK:          Number of data points smaller than number of parameters



*******************************************************************************
Thu Aug 22 14:46:09 2013


FIT:    data read from 'likelihood_best_section_for_mass6.dat' u 1:2:3
        #datapoints = 2
function used for fitting: f(x)
fitted parameters initialized with current variable values

BREAK:          Number of data points smaller than number of parameters



*******************************************************************************
Thu Aug 22 17:03:07 2013


FIT:    data read from 'likelihood_best_section_for_mass6.dat' u 1:2:3
        #datapoints = 2
function used for fitting: f(x)
fitted parameters initialized with current variable values

BREAK:          Number of data points smaller than number of parameters



*******************************************************************************
Thu Aug 22 17:03:59 2013


FIT:    data read from 'likelihood_projection_for_mass6.dat' u 1:2:3
BREAK:          No data to fit 



*******************************************************************************
Thu Aug 22 17:03:59 2013


FIT:    data read from 'likelihood_best_section_for_mass6.dat' u 1:2:3
BREAK:          No data to fit 

